14:07:34.191 [main] INFO  - Goto my account-->Click on Login.. 
14:07:34.883 [main] INFO  - Entering email and password.. 
14:07:35.559 [main] INFO  - clicked on login button...
15:21:51.876 [main] INFO  - Goto my account-->Click on Login.. 
15:21:53.135 [main] INFO  - Entering email and password.. 
15:21:54.620 [main] INFO  - clicked on login button...
15:32:55.009 [main] INFO  - Goto my account-->Click on Login.. 
15:32:55.760 [main] INFO  - Entering email and password.. 
15:32:56.517 [main] INFO  - clicked on login button...
15:44:58.490 [main] INFO  - Goto my account-->Click on Login.. 
15:44:59.375 [main] INFO  - Entering email and password.. 
15:45:00.720 [main] INFO  - clicked on login button...
11:24:02.941 [pool-3-thread-1] INFO  - Goto my account-->Click on Login.. 
11:24:03.761 [pool-3-thread-1] INFO  - Entering email and password.. 
11:24:06.101 [pool-3-thread-1] INFO  - clicked on login button...
11:25:07.956 [main] INFO  - Goto my account-->Click on Login.. 
11:25:08.604 [main] INFO  - Entering email and password.. 
11:25:09.732 [main] INFO  - clicked on login button...
11:27:34.728 [main] INFO  - Goto my account-->Click on Login.. 
11:27:35.361 [main] INFO  - Entering email and password.. 
11:27:36.283 [main] INFO  - clicked on login button...
11:28:39.062 [pool-3-thread-1] INFO  - Goto my account-->Click on Login.. 
11:28:39.709 [pool-3-thread-1] INFO  - Entering email and password.. 
11:28:41.527 [pool-3-thread-1] INFO  - clicked on login button...
11:30:58.762 [main] INFO  - Goto my account-->Click on Login.. 
11:30:59.506 [main] INFO  - Entering email and password.. 
11:31:00.817 [main] INFO  - clicked on login button...
11:32:42.541 [main] INFO  - Goto my account-->Click on Login.. 
11:32:46.118 [main] INFO  - Entering email and password.. 
11:32:47.244 [main] INFO  - clicked on login button...
11:34:08.134 [main] INFO  - Goto my account-->Click on Login.. 
11:34:08.801 [main] INFO  - Entering email and password.. 
11:34:10.471 [main] INFO  - clicked on login button...
11:45:34.561 [main] INFO  - Goto my account-->Click on Login.. 
11:45:35.241 [main] INFO  - Entering email and password.. 
11:45:36.544 [main] INFO  - clicked on login button...
11:48:32.063 [main] INFO  - Goto my account-->Click on Login.. 
11:48:32.749 [main] INFO  - Entering email and password.. 
11:48:34.206 [main] INFO  - clicked on login button...
12:19:09.362 [main] INFO  - Goto my account-->Click on Login.. 
12:19:10.371 [main] INFO  - Entering email and password.. 
12:19:11.738 [main] INFO  - clicked on login button...
12:24:14.670 [main] INFO  - Goto my account-->Click on Login.. 
12:24:15.551 [main] INFO  - Entering email and password.. 
12:24:16.857 [main] INFO  - clicked on login button...
12:25:59.705 [main] INFO  - Goto my account-->Click on Login.. 
12:26:00.443 [main] INFO  - Entering email and password.. 
12:26:01.724 [main] INFO  - clicked on login button...
12:40:21.946 [main] INFO  - Goto my account-->Click on Login.. 
12:40:22.616 [main] INFO  - Entering email and password.. 
12:40:24.212 [main] INFO  - clicked on login button...
12:48:13.135 [main] INFO  - Goto my account-->Click on Login.. 
12:48:14.187 [main] INFO  - Entering email and password.. 
12:48:15.338 [main] INFO  - clicked on login button...
07:20:02.541 [main] INFO  - Goto my account-->Click on Login.. 
07:20:03.687 [main] INFO  - Entering email and password.. 
07:20:04.885 [main] INFO  - clicked on login button...
07:26:07.255 [main] INFO  - Goto my account-->Click on Login.. 
07:26:08.073 [main] INFO  - Entering email and password.. 
07:26:08.937 [main] INFO  - clicked on login button...
07:27:45.855 [main] INFO  - Goto my account-->Click on Login.. 
07:27:46.685 [main] INFO  - Entering email and password.. 
07:27:47.506 [main] INFO  - clicked on login button...
07:42:18.774 [main] INFO  - Goto my account-->Click on Login.. 
07:42:19.621 [main] INFO  - Entering email and password.. 
07:42:20.495 [main] INFO  - clicked on login button...
07:44:30.850 [main] INFO  - Goto my account-->Click on Login.. 
07:44:31.695 [main] INFO  - Entering email and password.. 
07:44:32.578 [main] INFO  - clicked on login button...
07:46:04.249 [main] INFO  - Goto my account-->Click on Login.. 
07:46:05.043 [main] INFO  - Entering email and password.. 
07:46:05.916 [main] INFO  - clicked on login button...
07:52:55.919 [main] INFO  - Goto my account-->Click on Login.. 
07:52:56.718 [main] INFO  - Entering email and password.. 
07:52:57.593 [main] INFO  - clicked on login button...
14:44:51.921 [main] INFO  - Goto my account-->Click on Login.. 
14:44:52.512 [main] DEBUG - Parsing relationship: /xl/_rels/workbook.xml.rels
14:44:52.515 [main] DEBUG - Parsing relationship: /xl/worksheets/_rels/sheet1.xml.rels
14:44:52.517 [main] DEBUG - Parsing relationship: /_rels/.rels
14:44:52.753 [main] TRACE - Loading type system org.apache.poi.schemas.ooxml.system.ooxml
14:44:52.757 [main] TRACE - Loading type system org.apache.xmlbeans.metadata.system.sXMLCONFIG
14:44:52.757 [main] TRACE - Loading type system org.apache.xmlbeans.metadata.system.sXMLLANG
14:44:52.758 [main] TRACE - Loading type system org.apache.xmlbeans.metadata.system.sXMLSCHEMA
14:44:52.758 [main] TRACE - Loading type system org.apache.xmlbeans.metadata.system.sXMLTOOLS
14:44:52.760 [main] TRACE - Reading unresolved handles for type system org.apache.xmlbeans.metadata.system.sXMLTOOLS
14:44:52.775 [main] TRACE - Finished loading type system org.apache.xmlbeans.metadata.system.sXMLTOOLS
14:44:52.777 [main] TRACE - Reading unresolved handles for type system org.apache.xmlbeans.metadata.system.sXMLSCHEMA
14:44:52.782 [main] TRACE - Finished loading type system org.apache.xmlbeans.metadata.system.sXMLSCHEMA
14:44:52.784 [main] TRACE - Reading unresolved handles for type system org.apache.xmlbeans.metadata.system.sXMLLANG
14:44:52.785 [main] TRACE - Finished loading type system org.apache.xmlbeans.metadata.system.sXMLLANG
14:44:52.787 [main] TRACE - Reading unresolved handles for type system org.apache.xmlbeans.metadata.system.sXMLCONFIG
14:44:52.788 [main] TRACE - Finished loading type system org.apache.xmlbeans.metadata.system.sXMLCONFIG
14:44:52.789 [main] TRACE - Reading unresolved handles for type system org.apache.poi.schemas.ooxml.system.ooxml
14:44:52.841 [main] TRACE - Finished loading type system org.apache.poi.schemas.ooxml.system.ooxml
14:44:52.842 [main] TRACE - Resolving type for handle themefd26doctype
14:44:52.922 [main] TRACE - Resolving type for handle stylesheet5d8bdoctype
14:44:52.929 [main] TRACE - Resolving type for handle ctstylesheet4257type
14:44:52.936 [main] TRACE - Resolving type for handle ctfonts6623type
14:44:52.941 [main] TRACE - Resolving type for handle ctfont14d8type
14:44:52.948 [main] TRACE - Resolving type for handle ctfills2c6ftype
14:44:52.952 [main] TRACE - Resolving type for handle ctfill550ctype
14:44:52.955 [main] TRACE - Resolving type for handle ctborders0d66type
14:44:52.959 [main] TRACE - Resolving type for handle ctborderf935type
14:44:52.965 [main] TRACE - Resolving type for handle ctcellxfs1322type
14:44:52.969 [main] TRACE - Resolving type for handle ctxf97f7type
14:44:52.973 [main] TRACE - Resolving type for handle ctcellstylexfsa81ftype
14:44:52.976 [main] TRACE - Resolving type for handle ctdxfsb26atype
14:44:52.979 [main] TRACE - Resolving type for handle cttablestyles872ftype
14:44:52.984 [main] TRACE - Resolving type for handle sstf81fdoctype
14:44:52.990 [main] TRACE - Resolving type for handle ctsst44f3type
14:44:53.005 [main] TRACE - Resolving type for handle ctrsta472type
14:44:53.030 [main] DEBUG - using default POIXMLDocumentPart for http://schemas.openxmlformats.org/officeDocument/2006/relationships/printerSettings
14:44:53.032 [main] TRACE - Resolving type for handle workbookec17doctype
14:44:53.038 [main] TRACE - Resolving type for handle ctworkbook83c3type
14:44:53.044 [main] TRACE - Resolving type for handle ctsheets49fdtype
14:44:53.047 [main] TRACE - Resolving type for handle ctsheet4dbetype
14:44:53.050 [main] TRACE - Resolving type for handle strelationshipid1e94type
14:44:53.055 [main] TRACE - Resolving type for handle worksheetf539doctype
14:44:53.064 [main] TRACE - Resolving type for handle ctworksheet530dtype
14:44:53.071 [main] TRACE - Resolving type for handle ctsheetdata8408type
14:44:53.075 [main] TRACE - Resolving type for handle ctrowdd39type
14:44:53.080 [main] TRACE - Resolving type for handle ctcell842btype
14:44:53.087 [main] TRACE - Resolving type for handle stcellrefe4e0type
14:44:53.097 [main] TRACE - Resolving type for handle ctcols627ctype
14:44:53.104 [main] TRACE - Resolving type for handle ctcola95ftype
14:44:53.123 [main] TRACE - Resolving type for handle cthyperlinks6416type
14:44:53.126 [main] TRACE - Resolving type for handle cthyperlink0c85type
14:44:53.135 [main] TRACE - Resolving type for handle stxstringf179type
14:44:53.138 [main] TRACE - Resolving type for handle stcelltypebf95type
14:44:56.009 [main] INFO  - Goto my account-->Click on Login.. 
14:44:56.881 [main] DEBUG - Parsing relationship: /xl/_rels/workbook.xml.rels
14:44:56.882 [main] DEBUG - Parsing relationship: /xl/worksheets/_rels/sheet1.xml.rels
14:44:56.884 [main] DEBUG - Parsing relationship: /_rels/.rels
14:44:56.906 [main] DEBUG - using default POIXMLDocumentPart for http://schemas.openxmlformats.org/officeDocument/2006/relationships/printerSettings
14:45:09.529 [main] INFO  - Goto my account-->Click on Login.. 
14:45:10.376 [main] DEBUG - Parsing relationship: /xl/_rels/workbook.xml.rels
14:45:10.378 [main] DEBUG - Parsing relationship: /xl/worksheets/_rels/sheet1.xml.rels
14:45:10.379 [main] DEBUG - Parsing relationship: /_rels/.rels
14:45:10.399 [main] DEBUG - using default POIXMLDocumentPart for http://schemas.openxmlformats.org/officeDocument/2006/relationships/printerSettings
15:02:47.505 [main] INFO  - Goto my account-->Click on Login.. 
15:02:47.955 [main] INFO  - Entering email and password.. 
15:02:48.417 [main] INFO  - clicked on login button...
15:03:00.798 [main] INFO  - Goto my account-->Click on Login.. 
15:03:01.707 [main] INFO  - Entering email and password.. 
15:03:02.177 [main] INFO  - clicked on login button...
15:03:14.602 [main] INFO  - Goto my account-->Click on Login.. 
15:03:15.452 [main] INFO  - Entering email and password.. 
15:03:15.971 [main] INFO  - clicked on login button...
22:09:11.659 [main] INFO  - Goto my account-->Click on Login.. 
22:09:12.125 [main] INFO  - Entering email and password.. 
22:09:12.600 [main] INFO  - clicked on login button...
22:09:26.763 [main] INFO  - Goto my account-->Click on Login.. 
22:09:27.667 [main] INFO  - Entering email and password.. 
22:09:28.135 [main] INFO  - clicked on login button...
22:09:40.544 [main] INFO  - Goto my account-->Click on Login.. 
22:09:41.438 [main] INFO  - Entering email and password.. 
22:09:41.928 [main] INFO  - clicked on login button...
